 *** unit vectors [Bohr]: QMD%loopc =           1
    15.7086836512882666     0.0000000000000000     0.0000000000000000
     0.0000000000000000    15.7086836512882666     0.0000000000000000
     0.0000000000000000     0.0000000000000000    10.0765707710914842
 *** internal lattice coordinates: QMD%loopc =           1
     0.1527179327768981     0.1527179327768981     0.0000000000000000
     0.4027179929259861     0.0972821273721898     0.2500000000000000
     0.0972821273721898     0.4027179929259861     0.2500000000000000
     0.3472820672231019     0.3472820672231019     0.0000000000000000
     0.0000000000000000     0.0000000000000000     0.0000000000000000
     0.2500000601490880     0.2500000601490880     0.2500000000000000
     0.1527179327768981     0.1527179327768981     0.5000000000000000
     0.4027179929259861     0.0972821273721898     0.7500000000000000
     0.0972821273721898     0.4027179929259861     0.7500000000000000
     0.3472820672231019     0.3472820672231019     0.5000000000000000
     0.0000000000000000     0.0000000000000000     0.5000000000000000
     0.2500000601490880     0.2500000601490880     0.7500000000000000
     0.1527179327768981     0.6527179327768982     0.0000000000000000
     0.4027179929259861     0.5972821273721899     0.2500000000000000
     0.0972821273721898     0.9027179929259862     0.2500000000000000
     0.3472820672231019     0.8472820672231020     0.0000000000000000
     0.0000000000000000     0.5000000000000000     0.0000000000000000
     0.2500000601490880     0.7500000601490879     0.2500000000000000
     0.1527179327768981     0.6527179327768982     0.5000000000000000
     0.4027179929259861     0.5972821273721899     0.7500000000000000
     0.0972821273721898     0.9027179929259862     0.7500000000000000
     0.3472820672231019     0.8472820672231020     0.5000000000000000
     0.0000000000000000     0.5000000000000000     0.5000000000000000
     0.2500000601490880     0.7500000601490879     0.7500000000000000
     0.6527179327768982     0.1527179327768981     0.0000000000000000
     0.9027179929259862     0.0972821273721898     0.2500000000000000
     0.5972821273721899     0.4027179929259861     0.2500000000000000
     0.8472820672231020     0.3472820672231019     0.0000000000000000
     0.5000000000000000     0.0000000000000000     0.0000000000000000
     0.7500000601490879     0.2500000601490880     0.2500000000000000
     0.6527179327768982     0.1527179327768981     0.5000000000000000
     0.9027179929259862     0.0972821273721898     0.7500000000000000
     0.5972821273721899     0.4027179929259861     0.7500000000000000
     0.8472820672231020     0.3472820672231019     0.5000000000000000
     0.5000000000000000     0.0000000000000000     0.5000000000000000
     0.7500000601490879     0.2500000601490880     0.7500000000000000
     0.6527179327768982     0.6527179327768982     0.0000000000000000
     0.9027179929259862     0.5972821273721899     0.2500000000000000
     0.5972821273721899     0.9027179929259862     0.2500000000000000
     0.8472820672231020     0.8472820672231020     0.0000000000000000
     0.5000000000000000     0.5000000000000000     0.0000000000000000
     0.7500000601490879     0.7500000601490879     0.2500000000000000
     0.6527179327768982     0.6527179327768982     0.5000000000000000
     0.9027179929259862     0.5972821273721899     0.7500000000000000
     0.5972821273721899     0.9027179929259862     0.7500000000000000
     0.8472820672231020     0.8472820672231020     0.5000000000000000
     0.5000000000000000     0.5000000000000000     0.5000000000000000
     0.7500000601490879     0.7500000601490879     0.7500000000000000
 *** unit vectors [Bohr]: QMD%loopc =           1
    15.7086836512882666     0.0000000000000000     0.0000000000000000
     0.0000000000000000    15.7086836512882666     0.0000000000000000
     0.0000000000000000     0.0000000000000000    10.0765707710914842
 *** internal lattice coordinates: QMD%loopc =           1
     0.1527179327768981     0.1527179327768981     0.0000000000000000
     0.3995103200366973     0.1363330625781238     0.2414229317461062
     0.1399456286982674     0.3959408530002804     0.2414264465087264
     0.3864716339319886     0.3860578664310199    -0.0199888025626126
    -0.0767608649648526    -0.0567539598639511     0.1909327534014279
     0.2509873528429974     0.2551149278619240     0.6048354055464346
     0.1399462800682675     0.1363329692674682     0.4800140034582331
     0.3657564257736077     0.1364570346440129     0.7414239788862198
     0.1399457741189409     0.3746656997354865     0.7414216037420589
     0.3697334462521930     0.3733540261491655     0.4800144236967315
    -0.0907693040758234    -0.0757137170906710     0.2601476984723557
     0.1650761561493618     0.2057127053812602     0.6067600433487896
     0.1336196309329565     0.6363328670903304    -0.0199885427153258
     0.3568226432270558     0.6363337773449661     0.2414235009943094
     0.0931462915564702     0.8993282742440201     0.2414417149114689
     0.3521051981092782     0.8966588200320492    -0.0199864384202778
    -0.2461451577803268     0.5274079459065641     0.0875119148418122
     0.2362563293420772     0.7585301930973959     0.6141573412613235
     0.1353355997098360     0.6363327736567466     0.4800156648656018
     0.3526319607495220     0.6363329387219567     0.7414211925588191
     0.1321011909866003     0.8864256450806258     0.7414316708695499
     0.3346779689700096     0.8863771696598906     0.4800106515190210
    -0.2409671647485672     0.5105933360586756     0.3777459095835299
     0.2454329277009642     0.7553081801839331     0.6008642807986452
     0.6399457401564286     0.1363322457778902    -0.0199880483059333
     0.8996133519395814     0.1283989901044470     0.2414571885901792
     0.6399439523471299     0.3974699524347890     0.2414318840025652
     0.8795020888692688     0.3875569661367191    -0.0199885368133161
     0.7251559946207503    -0.2288395978566176     0.0311364174375132
     0.7591873500893173     0.2565326113115777     0.6100680336969022
     0.6399472380028043     0.1363344052345535     0.4800097480836345
     0.8875025384924204     0.1363328098854967     0.7414234567753215
     0.6399455245923308     0.3816304086397428     0.7414241909587886
     0.8751807843341900     0.3801149010134700     0.4800119023009830
     0.7417658994240963    -0.2472534860649983     0.5973853318180290
     0.7482827401275315     0.2410286825566336     0.8605716526351475
     0.6359140344110669     0.6353807310067026    -0.0352348528289726
     0.8568091912547440     0.6383835792112798     0.2444791248884753
     0.6472408598780588     0.8775455243814071     0.2444799407661775
     0.8654995179080091     0.8815852971949055    -0.0309725931005059
     0.7401854406513160     0.7412673090722437     0.1592694117871680
     0.7393722269485316     0.7518679595119880     0.5979143485544496
     0.6481016602098233     0.6365143902443431     0.4382515418981815
     0.8438729086602671     0.6363328236224922     0.7444791488516560
     0.6399467252465136     0.8683792031286098     0.7444844639058991
     0.8526326629678044     0.8655112665724950     0.4690287445074117
     0.5000000000000000     0.5000000000000000     0.5000000000000000
     0.7500000601490879     0.7500000601490879     0.7500000000000000
